This is pdfTeX, Version 3.1415926-2.5-1.40.14 (TeX Live 2013/Debian) (format=pdflatex 2014.9.8)  7 MAY 2015 09:55
entering extended mode
 restricted \write18 enabled.
 file:line:error style messages enabled.
 %&-line parsing enabled.
**Final.tex
(./Final.tex
LaTeX2e <2011/06/27>
Babel <3.9h> and hyphenation patterns for 2 languages loaded.
(/usr/share/texlive/texmf-dist/tex/latex/IEEEtran/IEEEtran.cls
Document Class: IEEEtran 2012/12/27 V1.8 by Michael Shell
-- See the "IEEEtran_HOWTO" manual for usage information.
-- http://www.michaelshell.org/tex/ieeetran/
\@IEEEtrantmpdimenA=\dimen102
\@IEEEtrantmpdimenB=\dimen103
\@IEEEtrantmpcountA=\count79
\@IEEEtrantmpcountB=\count80
\@IEEEtrantmptoksA=\toks14
LaTeX Font Info:    Try loading font information for OT1+ptm on input line 368.

(/usr/share/texlive/texmf-dist/tex/latex/psnfss/ot1ptm.fd
File: ot1ptm.fd 2001/06/04 font definitions for OT1/ptm.
)
-- Using 8.5in x 11in (letter) paper.
-- Using PDF output.
\@IEEEnormalsizeunitybaselineskip=\dimen104
-- This is a 10 point document.
\CLASSINFOnormalsizebaselineskip=\dimen105
\CLASSINFOnormalsizeunitybaselineskip=\dimen106
\IEEEnormaljot=\dimen107
LaTeX Font Info:    Font shape `OT1/ptm/bx/n' in size <5> not available
(Font)              Font shape `OT1/ptm/b/n' tried instead on input line 726.
LaTeX Font Info:    Font shape `OT1/ptm/bx/it' in size <5> not available
(Font)              Font shape `OT1/ptm/b/it' tried instead on input line 726.
LaTeX Font Info:    Font shape `OT1/ptm/bx/n' in size <7> not available
(Font)              Font shape `OT1/ptm/b/n' tried instead on input line 726.
LaTeX Font Info:    Font shape `OT1/ptm/bx/it' in size <7> not available
(Font)              Font shape `OT1/ptm/b/it' tried instead on input line 726.
LaTeX Font Info:    Font shape `OT1/ptm/bx/n' in size <8> not available
(Font)              Font shape `OT1/ptm/b/n' tried instead on input line 726.
LaTeX Font Info:    Font shape `OT1/ptm/bx/it' in size <8> not available
(Font)              Font shape `OT1/ptm/b/it' tried instead on input line 726.
LaTeX Font Info:    Font shape `OT1/ptm/bx/n' in size <9> not available
(Font)              Font shape `OT1/ptm/b/n' tried instead on input line 726.
LaTeX Font Info:    Font shape `OT1/ptm/bx/it' in size <9> not available
(Font)              Font shape `OT1/ptm/b/it' tried instead on input line 726.
LaTeX Font Info:    Font shape `OT1/ptm/bx/n' in size <10> not available
(Font)              Font shape `OT1/ptm/b/n' tried instead on input line 726.
LaTeX Font Info:    Font shape `OT1/ptm/bx/it' in size <10> not available
(Font)              Font shape `OT1/ptm/b/it' tried instead on input line 726.
LaTeX Font Info:    Font shape `OT1/ptm/bx/n' in size <11> not available
(Font)              Font shape `OT1/ptm/b/n' tried instead on input line 726.
LaTeX Font Info:    Font shape `OT1/ptm/bx/it' in size <11> not available
(Font)              Font shape `OT1/ptm/b/it' tried instead on input line 726.
LaTeX Font Info:    Font shape `OT1/ptm/bx/n' in size <12> not available
(Font)              Font shape `OT1/ptm/b/n' tried instead on input line 726.
LaTeX Font Info:    Font shape `OT1/ptm/bx/it' in size <12> not available
(Font)              Font shape `OT1/ptm/b/it' tried instead on input line 726.
LaTeX Font Info:    Font shape `OT1/ptm/bx/n' in size <17> not available
(Font)              Font shape `OT1/ptm/b/n' tried instead on input line 726.
LaTeX Font Info:    Font shape `OT1/ptm/bx/it' in size <17> not available
(Font)              Font shape `OT1/ptm/b/it' tried instead on input line 726.
LaTeX Font Info:    Font shape `OT1/ptm/bx/n' in size <20> not available
(Font)              Font shape `OT1/ptm/b/n' tried instead on input line 726.
LaTeX Font Info:    Font shape `OT1/ptm/bx/it' in size <20> not available
(Font)              Font shape `OT1/ptm/b/it' tried instead on input line 726.
LaTeX Font Info:    Font shape `OT1/ptm/bx/n' in size <24> not available
(Font)              Font shape `OT1/ptm/b/n' tried instead on input line 726.
LaTeX Font Info:    Font shape `OT1/ptm/bx/it' in size <24> not available
(Font)              Font shape `OT1/ptm/b/it' tried instead on input line 726.
\IEEEilabelindentA=\dimen108
\IEEEilabelindentB=\dimen109
\IEEEilabelindent=\dimen110
\IEEEelabelindent=\dimen111
\IEEEdlabelindent=\dimen112
\IEEElabelindent=\dimen113
\IEEEiednormlabelsep=\dimen114
\IEEEiedmathlabelsep=\dimen115
\IEEEiedtopsep=\skip41
\c@section=\count81
\c@subsection=\count82
\c@subsubsection=\count83
\c@paragraph=\count84
\c@IEEEsubequation=\count85
\abovecaptionskip=\skip42
\belowcaptionskip=\skip43
\c@figure=\count86
\c@table=\count87
\@IEEEeqnnumcols=\count88
\@IEEEeqncolcnt=\count89
\@IEEEsubeqnnumrollback=\count90
\@IEEEtmpitemindent=\dimen116
\c@IEEEbiography=\count91
\@IEEEtranrubishbin=\box26
) (/usr/share/texlive/texmf-dist/tex/latex/graphics/epsfig.sty
Package: epsfig 1999/02/16 v1.7a (e)psfig emulation (SPQR)

(/usr/share/texlive/texmf-dist/tex/latex/graphics/graphicx.sty
Package: graphicx 1999/02/16 v1.0f Enhanced LaTeX Graphics (DPC,SPQR)

(/usr/share/texlive/texmf-dist/tex/latex/graphics/keyval.sty
Package: keyval 1999/03/16 v1.13 key=value parser (DPC)
\KV@toks@=\toks15
)
(/usr/share/texlive/texmf-dist/tex/latex/graphics/graphics.sty
Package: graphics 2009/02/05 v1.0o Standard LaTeX Graphics (DPC,SPQR)

(/usr/share/texlive/texmf-dist/tex/latex/graphics/trig.sty
Package: trig 1999/03/16 v1.09 sin cos tan (DPC)
)
(/usr/share/texlive/texmf-dist/tex/latex/latexconfig/graphics.cfg
File: graphics.cfg 2010/04/23 v1.9 graphics configuration of TeX Live
)
Package graphics Info: Driver file: pdftex.def on input line 91.

(/usr/share/texlive/texmf-dist/tex/latex/pdftex-def/pdftex.def
File: pdftex.def 2011/05/27 v0.06d Graphics/color for pdfTeX

(/usr/share/texlive/texmf-dist/tex/generic/oberdiek/infwarerr.sty
Package: infwarerr 2010/04/08 v1.3 Providing info/warning/error messages (HO)
)
(/usr/share/texlive/texmf-dist/tex/generic/oberdiek/ltxcmds.sty
Package: ltxcmds 2011/11/09 v1.22 LaTeX kernel commands for general use (HO)
)
\Gread@gobject=\count92
))
\Gin@req@height=\dimen117
\Gin@req@width=\dimen118
)
\epsfxsize=\dimen119
\epsfysize=\dimen120
)
(/usr/share/texlive/texmf-dist/tex/latex/tools/bm.sty
Package: bm 2004/02/26 v1.1c Bold Symbol Support (DPC/FMi)
\symboldoperators=\mathgroup4
\symboldletters=\mathgroup5
\symboldsymbols=\mathgroup6
LaTeX Font Info:    Redeclaring math alphabet \mathbf on input line 138.
LaTeX Info: Redefining \bm on input line 204.
)
(/usr/share/texlive/texmf-dist/tex/latex/amsfonts/amssymb.sty
Package: amssymb 2013/01/14 v3.01 AMS font symbols

(/usr/share/texlive/texmf-dist/tex/latex/amsfonts/amsfonts.sty
Package: amsfonts 2013/01/14 v3.01 Basic AMSFonts support
\@emptytoks=\toks16
\symAMSa=\mathgroup7
\symAMSb=\mathgroup8
LaTeX Font Info:    Overwriting math alphabet `\mathfrak' in version `bold'
(Font)                  U/euf/m/n --> U/euf/b/n on input line 106.
))
(/usr/share/texlive/texmf-dist/tex/latex/amsmath/amsmath.sty
Package: amsmath 2013/01/14 v2.14 AMS math features
\@mathmargin=\skip44

For additional information on amsmath, use the `?' option.
(/usr/share/texlive/texmf-dist/tex/latex/amsmath/amstext.sty
Package: amstext 2000/06/29 v2.01

(/usr/share/texlive/texmf-dist/tex/latex/amsmath/amsgen.sty
File: amsgen.sty 1999/11/30 v2.0
\@emptytoks=\toks17
\ex@=\dimen121
))
(/usr/share/texlive/texmf-dist/tex/latex/amsmath/amsbsy.sty
Package: amsbsy 1999/11/29 v1.2d
LaTeX Info: Redefining \boldsymbol on input line 39.
\pmbraise@=\dimen122
)
(/usr/share/texlive/texmf-dist/tex/latex/amsmath/amsopn.sty
Package: amsopn 1999/12/14 v2.01 operator names
)
\inf@bad=\count93
LaTeX Info: Redefining \frac on input line 210.
\uproot@=\count94
\leftroot@=\count95
LaTeX Info: Redefining \overline on input line 306.
\classnum@=\count96
\DOTSCASE@=\count97
LaTeX Info: Redefining \ldots on input line 378.
LaTeX Info: Redefining \dots on input line 381.
LaTeX Info: Redefining \cdots on input line 466.
\Mathstrutbox@=\box27
\strutbox@=\box28
\big@size=\dimen123
LaTeX Font Info:    Redeclaring font encoding OML on input line 566.
LaTeX Font Info:    Redeclaring font encoding OMS on input line 567.
\macc@depth=\count98
\c@MaxMatrixCols=\count99
\dotsspace@=\muskip10
\c@parentequation=\count100
\dspbrk@lvl=\count101
\tag@help=\toks18
\row@=\count102
\column@=\count103
\maxfields@=\count104
\andhelp@=\toks19
\eqnshift@=\dimen124
\alignsep@=\dimen125
\tagshift@=\dimen126
\tagwidth@=\dimen127
\totwidth@=\dimen128
\lineht@=\dimen129
\@envbody=\toks20
\multlinegap=\skip45
\multlinetaggap=\skip46
\mathdisplay@stack=\toks21
LaTeX Info: Redefining \[ on input line 2665.
LaTeX Info: Redefining \] on input line 2666.
)
(/usr/share/texlive/texmf-dist/tex/latex/oberdiek/epstopdf.sty
Package: epstopdf 2010/02/09 v2.5 Conversion with epstopdf on the fly (HO)

(/usr/share/texlive/texmf-dist/tex/latex/oberdiek/epstopdf-base.sty
Package: epstopdf-base 2010/02/09 v2.5 Base part for package epstopdf

(/usr/share/texlive/texmf-dist/tex/latex/oberdiek/grfext.sty
Package: grfext 2010/08/19 v1.1 Manage graphics extensions (HO)

(/usr/share/texlive/texmf-dist/tex/generic/oberdiek/kvdefinekeys.sty
Package: kvdefinekeys 2011/04/07 v1.3 Define keys (HO)
))
(/usr/share/texlive/texmf-dist/tex/latex/oberdiek/kvoptions.sty
Package: kvoptions 2011/06/30 v3.11 Key value format for package options (HO)

(/usr/share/texlive/texmf-dist/tex/generic/oberdiek/kvsetkeys.sty
Package: kvsetkeys 2012/04/25 v1.16 Key value parser (HO)

(/usr/share/texlive/texmf-dist/tex/generic/oberdiek/etexcmds.sty
Package: etexcmds 2011/02/16 v1.5 Avoid name clashes with e-TeX commands (HO)

(/usr/share/texlive/texmf-dist/tex/generic/oberdiek/ifluatex.sty
Package: ifluatex 2010/03/01 v1.3 Provides the ifluatex switch (HO)
Package ifluatex Info: LuaTeX not detected.
)
Package etexcmds Info: Could not find \expanded.
(etexcmds)             That can mean that you are not using pdfTeX 1.50 or
(etexcmds)             that some package has redefined \expanded.
(etexcmds)             In the latter case, load this package earlier.
)))
(/usr/share/texlive/texmf-dist/tex/generic/oberdiek/pdftexcmds.sty
Package: pdftexcmds 2011/11/29 v0.20 Utility functions of pdfTeX for LuaTeX (HO
)

(/usr/share/texlive/texmf-dist/tex/generic/oberdiek/ifpdf.sty
Package: ifpdf 2011/01/30 v2.3 Provides the ifpdf switch (HO)
Package ifpdf Info: pdfTeX in PDF mode is detected.
)
Package pdftexcmds Info: LuaTeX not detected.
Package pdftexcmds Info: \pdf@primitive is available.
Package pdftexcmds Info: \pdf@ifprimitive is available.
Package pdftexcmds Info: \pdfdraftmode found.
)
Package grfext Info: Graphics extension search list:
(grfext)             [.png,.pdf,.jpg,.mps,.jpeg,.jbig2,.jb2,.PNG,.PDF,.JPG,.JPE
G,.JBIG2,.JB2,.eps]
(grfext)             \AppendGraphicsExtensions on input line 452.

(/usr/share/texlive/texmf-dist/tex/latex/latexconfig/epstopdf-sys.cfg
File: epstopdf-sys.cfg 2010/07/13 v1.3 Configuration of (r)epstopdf for TeX Liv
e
)))
(./Final.aux)
\openout1 = `Final.aux'.

LaTeX Font Info:    Checking defaults for OML/cmm/m/it on input line 272.
LaTeX Font Info:    ... okay on input line 272.
LaTeX Font Info:    Checking defaults for T1/cmr/m/n on input line 272.
LaTeX Font Info:    ... okay on input line 272.
LaTeX Font Info:    Checking defaults for OT1/cmr/m/n on input line 272.
LaTeX Font Info:    ... okay on input line 272.
LaTeX Font Info:    Checking defaults for OMS/cmsy/m/n on input line 272.
LaTeX Font Info:    ... okay on input line 272.
LaTeX Font Info:    Checking defaults for OMX/cmex/m/n on input line 272.
LaTeX Font Info:    ... okay on input line 272.
LaTeX Font Info:    Checking defaults for U/cmr/m/n on input line 272.
LaTeX Font Info:    ... okay on input line 272.
 (/usr/share/texlive/texmf-dist/tex/context/base/supp-pdf.mkii
[Loading MPS to PDF converter (version 2006.09.02).]
\scratchcounter=\count105
\scratchdimen=\dimen130
\scratchbox=\box29
\nofMPsegments=\count106
\nofMParguments=\count107
\everyMPshowfont=\toks22
\MPscratchCnt=\count108
\MPscratchDim=\dimen131
\MPnumerator=\count109
\makeMPintoPDFobject=\count110
\everyMPtoPDFconversion=\toks23
)
LaTeX Font Info:    Try loading font information for U+msa on input line 357.
 (/usr/share/texlive/texmf-dist/tex/latex/amsfonts/umsa.fd
File: umsa.fd 2013/01/14 v3.01 AMS symbols A
)
LaTeX Font Info:    Try loading font information for U+msb on input line 357.

(/usr/share/texlive/texmf-dist/tex/latex/amsfonts/umsb.fd
File: umsb.fd 2013/01/14 v3.01 AMS symbols B
)
Underfull \hbox (badness 10000) in paragraph at lines 367--373
\OT1/ptm/m/n/10 where there is a so-called Peierls phase fac-tor
 []

[1{/var/lib/texmf/fonts/map/pdftex/updmap/pdftex.map}


] [2]
Package epstopdf Info: Source file: <figure1.eps>
(epstopdf)                    date: 2015-05-06 10:26:57
(epstopdf)                    size: 1179568 bytes
(epstopdf)             Output file: <figure1-eps-converted-to.pdf>
(epstopdf)                    date: 2015-05-06 10:27:11
(epstopdf)                    size: 662904 bytes
(epstopdf)             Command: <repstopdf --outfile=figure1-eps-converted-to.p
df figure1.eps>
(epstopdf)             \includegraphics on input line 587.
Package epstopdf Info: Output file is already uptodate.

<figure1-eps-converted-to.pdf, id=25, 641.39626pt x 321.2pt>
File: figure1-eps-converted-to.pdf Graphic file (type pdf)

<use figure1-eps-converted-to.pdf>
Package pdftex.def Info: figure1-eps-converted-to.pdf used on input line 587.
(pdftex.def)             Requested size: 252.0pt x 126.1938pt.
Package epstopdf Info: Source file: <figure2.eps>
(epstopdf)                    date: 2015-05-06 11:06:18
(epstopdf)                    size: 178696 bytes
(epstopdf)             Output file: <figure2-eps-converted-to.pdf>
(epstopdf)                    date: 2015-05-06 11:06:40
(epstopdf)                    size: 15469 bytes
(epstopdf)             Command: <repstopdf --outfile=figure2-eps-converted-to.p
df figure2.eps>
(epstopdf)             \includegraphics on input line 616.
Package epstopdf Info: Output file is already uptodate.

<figure2-eps-converted-to.pdf, id=26, 641.39626pt x 321.2pt>
File: figure2-eps-converted-to.pdf Graphic file (type pdf)

<use figure2-eps-converted-to.pdf>
Package pdftex.def Info: figure2-eps-converted-to.pdf used on input line 616.
(pdftex.def)             Requested size: 252.0pt x 126.1938pt.
 [3 <./figure1-eps-converted-to.pdf> <./figure2-eps-converted-to.pdf>]
Package epstopdf Info: Source file: <figure3.eps>
(epstopdf)                    date: 2015-05-06 09:22:43
(epstopdf)                    size: 177528 bytes
(epstopdf)             Output file: <figure3-eps-converted-to.pdf>
(epstopdf)                    date: 2015-05-06 10:33:08
(epstopdf)                    size: 14921 bytes
(epstopdf)             Command: <repstopdf --outfile=figure3-eps-converted-to.p
df figure3.eps>
(epstopdf)             \includegraphics on input line 639.
Package epstopdf Info: Output file is already uptodate.

<figure3-eps-converted-to.pdf, id=71, 481.8pt x 642.4pt>
File: figure3-eps-converted-to.pdf Graphic file (type pdf)

<use figure3-eps-converted-to.pdf>
Package pdftex.def Info: figure3-eps-converted-to.pdf used on input line 639.
(pdftex.def)             Requested size: 252.0pt x 336.00056pt.
Package epstopdf Info: Source file: <figure4.eps>
(epstopdf)                    date: 2015-05-06 09:34:30
(epstopdf)                    size: 176902 bytes
(epstopdf)             Output file: <figure4-eps-converted-to.pdf>
(epstopdf)                    date: 2015-05-06 11:21:49
(epstopdf)                    size: 13776 bytes
(epstopdf)             Command: <repstopdf --outfile=figure4-eps-converted-to.p
df figure4.eps>
(epstopdf)             \includegraphics on input line 657.
Package epstopdf Info: Output file is already uptodate.

<figure4-eps-converted-to.pdf, id=72, 641.39626pt x 321.2pt>
File: figure4-eps-converted-to.pdf Graphic file (type pdf)

<use figure4-eps-converted-to.pdf>
Package pdftex.def Info: figure4-eps-converted-to.pdf used on input line 657.
(pdftex.def)             Requested size: 252.0pt x 126.1938pt.
Package epstopdf Info: Source file: <figure5.eps>
(epstopdf)                    date: 2015-05-06 09:39:19
(epstopdf)                    size: 177670 bytes
(epstopdf)             Output file: <figure5-eps-converted-to.pdf>
(epstopdf)                    date: 2015-05-06 11:21:49
(epstopdf)                    size: 14262 bytes
(epstopdf)             Command: <repstopdf --outfile=figure5-eps-converted-to.p
df figure5.eps>
(epstopdf)             \includegraphics on input line 665.
Package epstopdf Info: Output file is already uptodate.

<figure5-eps-converted-to.pdf, id=73, 481.8pt x 642.4pt>
File: figure5-eps-converted-to.pdf Graphic file (type pdf)

<use figure5-eps-converted-to.pdf>
Package pdftex.def Info: figure5-eps-converted-to.pdf used on input line 665.
(pdftex.def)             Requested size: 252.0pt x 336.00056pt.
 [4 <./figure3-eps-converted-to.pdf> <./figure4-eps-converted-to.pdf> <./figure
5-eps-converted-to.pdf>]
Package epstopdf Info: Source file: <figure6.eps>
(epstopdf)                    date: 2015-05-06 09:49:45
(epstopdf)                    size: 1420033 bytes
(epstopdf)             Output file: <figure6-eps-converted-to.pdf>
(epstopdf)                    date: 2015-05-06 10:33:10
(epstopdf)                    size: 815584 bytes
(epstopdf)             Command: <repstopdf --outfile=figure6-eps-converted-to.p
df figure6.eps>
(epstopdf)             \includegraphics on input line 684.
Package epstopdf Info: Output file is already uptodate.

<figure6-eps-converted-to.pdf, id=137, 641.39626pt x 321.2pt>
File: figure6-eps-converted-to.pdf Graphic file (type pdf)

<use figure6-eps-converted-to.pdf>
Package pdftex.def Info: figure6-eps-converted-to.pdf used on input line 684.
(pdftex.def)             Requested size: 252.0pt x 126.1938pt.
Package epstopdf Info: Source file: <figure7.eps>
(epstopdf)                    date: 2015-05-06 09:52:26
(epstopdf)                    size: 1419841 bytes
(epstopdf)             Output file: <figure7-eps-converted-to.pdf>
(epstopdf)                    date: 2015-05-06 10:33:12
(epstopdf)                    size: 604861 bytes
(epstopdf)             Command: <repstopdf --outfile=figure7-eps-converted-to.p
df figure7.eps>
(epstopdf)             \includegraphics on input line 694.
Package epstopdf Info: Output file is already uptodate.

<figure7-eps-converted-to.pdf, id=138, 641.39626pt x 321.2pt>
File: figure7-eps-converted-to.pdf Graphic file (type pdf)

<use figure7-eps-converted-to.pdf>
Package pdftex.def Info: figure7-eps-converted-to.pdf used on input line 694.
(pdftex.def)             Requested size: 252.0pt x 126.1938pt.
 (./Final.bbl) [5 <./figure6-eps-converted-to.pdf> <./figure7-eps-converted-to.
pdf>] (./Final.aux) ) 
Here is how much of TeX's memory you used:
 3272 strings out of 495028
 47755 string characters out of 6181498
 114418 words of memory out of 5000000
 6408 multiletter control sequences out of 15000+600000
 44626 words of font info for 99 fonts, out of 8000000 for 9000
 17 hyphenation exceptions out of 8191
 42i,17n,26p,604b,239s stack positions out of 5000i,500n,10000p,200000b,80000s
{/usr/share/texlive/texmf-dist/fonts/enc/dvips/base/8r.enc
}</usr/share/texlive/texmf-dist/fonts/type1/public/amsfonts/cm/cmbx10.pfb></usr
/share/texlive/texmf-dist/fonts/type1/public/amsfonts/cm/cmex10.pfb></usr/share
/texlive/texmf-dist/fonts/type1/public/amsfonts/cm/cmmi10.pfb></usr/share/texli
ve/texmf-dist/fonts/type1/public/amsfonts/cm/cmmi5.pfb></usr/share/texlive/texm
f-dist/fonts/type1/public/amsfonts/cm/cmmi6.pfb></usr/share/texlive/texmf-dist/
fonts/type1/public/amsfonts/cm/cmmi7.pfb></usr/share/texlive/texmf-dist/fonts/t
ype1/public/amsfonts/cm/cmmi8.pfb></usr/share/texlive/texmf-dist/fonts/type1/pu
blic/amsfonts/cm/cmr10.pfb></usr/share/texlive/texmf-dist/fonts/type1/public/am
sfonts/cm/cmr7.pfb></usr/share/texlive/texmf-dist/fonts/type1/public/amsfonts/c
m/cmr8.pfb></usr/share/texlive/texmf-dist/fonts/type1/public/amsfonts/cm/cmsy10
.pfb></usr/share/texlive/texmf-dist/fonts/type1/public/amsfonts/cm/cmsy5.pfb></
usr/share/texlive/texmf-dist/fonts/type1/public/amsfonts/cm/cmsy7.pfb></usr/sha
re/texlive/texmf-dist/fonts/type1/public/amsfonts/symbols/msbm10.pfb></usr/shar
e/texlive/texmf-dist/fonts/type1/public/amsfonts/symbols/msbm7.pfb></usr/share/
texlive/texmf-dist/fonts/type1/urw/times/utmb8a.pfb></usr/share/texlive/texmf-d
ist/fonts/type1/urw/times/utmbi8a.pfb></usr/share/texlive/texmf-dist/fonts/type
1/urw/times/utmr8a.pfb></usr/share/texlive/texmf-dist/fonts/type1/urw/times/utm
ri8a.pfb>
Output written on Final.pdf (5 pages, 2311189 bytes).
PDF statistics:
 243 PDF objects out of 1000 (max. 8388607)
 174 compressed objects within 2 object streams
 0 named destinations out of 1000 (max. 500000)
 36 words of extra memory for PDF output out of 10000 (max. 10000000)

